<?xml version="1.0" encoding="UTF-8"?>
<testsuite xmlns:xsi="http://www.w3.org/2001/XMLSchema-instance" xsi:noNamespaceSchemaLocation="https://maven.apache.org/surefire/maven-surefire-plugin/xsd/surefire-test-report-3.0.xsd" version="3.0" name="com.jonasdrechsel.kilterboardleaderboard.KilterBoardLeaderboardApplicationTests" time="3.532" tests="1" errors="0" skipped="0" failures="0">
  <properties>
[...]
</properties>
  <testcase name="contextLoads" classname="com.jonasdrechsel.kilterboardleaderboard.KilterBoardLeaderboardApplicationTests" time="0.308">
    <system-out><![CDATA[11:59:34.211 [main] INFO org.springframework.test.context.support.AnnotationConfigContextLoaderUtils -- Could not detect default configuration classes for test class [com.jonasdrechsel.kilterboardleaderboard.KilterBoardLeaderboardApplicationTests]: KilterBoardLeaderboardApplicationTests does not declare any static, non-private, non-final, nested classes annotated with @Configuration.
11:59:34.262 [main] INFO org.springframework.boot.test.context.SpringBootTestContextBootstrapper -- Found @SpringBootConfiguration com.jonasdrechsel.kilterboardleaderboard.KilterBoardLeaderboardApplication for test class com.jonasdrechsel.kilterboardleaderboard.KilterBoardLeaderboardApplicationTests

  .   ____          _            __ _ _
 /\\ / ___'_ __ _ _(_)_ __  __ _ \ \ \ \
( ( )\___ | '_ | '_| | '_ \/ _` | \ \ \ \
 \\/  ___)| |_)| | | | | || (_| |  ) ) ) )
  '  |____| .__|_| |_|_| |_\__, | / / / /
 =========|_|==============|___/=/_/_/_/

 :: Spring Boot ::                (v3.3.2)

2024-09-25T11:59:34.439+02:00  INFO 14753 --- [KilterBoardLeaderboard] [           main] k.KilterBoardLeaderboardApplicationTests : Starting KilterBoardLeaderboardApplicationTests using Java 21.0.4 with PID 14753 (started by jonas in /Users/jonas/IdeaProjects/KilterBoardLeaderboard)
2024-09-25T11:59:34.439+02:00  INFO 14753 --- [KilterBoardLeaderboard] [           main] k.KilterBoardLeaderboardApplicationTests : No active profile set, falling back to 1 default profile: "default"
2024-09-25T11:59:34.726+02:00  INFO 14753 --- [KilterBoardLeaderboard] [           main] .s.d.r.c.RepositoryConfigurationDelegate : Bootstrapping Spring Data JPA repositories in DEFAULT mode.
2024-09-25T11:59:34.816+02:00  INFO 14753 --- [KilterBoardLeaderboard] [           main] .s.d.r.c.RepositoryConfigurationDelegate : Finished Spring Data repository scanning in 85 ms. Found 2 JPA repository interfaces.
2024-09-25T11:59:35.034+02:00  INFO 14753 --- [KilterBoardLeaderboard] [           main] o.hibernate.jpa.internal.util.LogHelper  : HHH000204: Processing PersistenceUnitInfo [name: default]
2024-09-25T11:59:35.066+02:00  INFO 14753 --- [KilterBoardLeaderboard] [           main] org.hibernate.Version                    : HHH000412: Hibernate ORM core version 6.5.2.Final
2024-09-25T11:59:35.081+02:00  INFO 14753 --- [KilterBoardLeaderboard] [           main] o.h.c.internal.RegionFactoryInitiator    : HHH000026: Second-level cache disabled
2024-09-25T11:59:35.216+02:00  INFO 14753 --- [KilterBoardLeaderboard] [           main] o.s.o.j.p.SpringPersistenceUnitInfo      : No LoadTimeWeaver setup: ignoring JPA class transformer
2024-09-25T11:59:35.228+02:00  INFO 14753 --- [KilterBoardLeaderboard] [           main] com.zaxxer.hikari.HikariDataSource       : HikariPool-1 - Starting...
2024-09-25T11:59:35.346+02:00  INFO 14753 --- [KilterBoardLeaderboard] [           main] com.zaxxer.hikari.pool.HikariPool        : HikariPool-1 - Added connection conn0: url=jdbc:h2:file:./app/data/userData user=SA
2024-09-25T11:59:35.346+02:00  INFO 14753 --- [KilterBoardLeaderboard] [           main] com.zaxxer.hikari.HikariDataSource       : HikariPool-1 - Start completed.
2024-09-25T11:59:35.747+02:00  INFO 14753 --- [KilterBoardLeaderboard] [           main] o.h.e.t.j.p.i.JtaPlatformInitiator       : HHH000489: No JTA platform available (set 'hibernate.transaction.jta.platform' to enable JTA platform integration)
2024-09-25T11:59:35.774+02:00  INFO 14753 --- [KilterBoardLeaderboard] [           main] j.LocalContainerEntityManagerFactoryBean : Initialized JPA EntityManagerFactory for persistence unit 'default'
Token: 3b87cd6ebff723e2c794637948a3846e6888ed21
User ID: 386460
{"session":{"token":"3b87cd6ebff723e2c794637948a3846e6888ed21","user_id":386460}}
2024-09-25T11:59:37.165+02:00  WARN 14753 --- [KilterBoardLeaderboard] [           main] JpaBaseConfiguration$JpaWebConfiguration : spring.jpa.open-in-view is enabled by default. Therefore, database queries may be performed during view rendering. Explicitly configure spring.jpa.open-in-view to disable this warning
2024-09-25T11:59:37.284+02:00  INFO 14753 --- [KilterBoardLeaderboard] [           main] o.s.b.a.h2.H2ConsoleAutoConfiguration    : H2 console available at '/h2-console'. Database available at 'jdbc:h2:file:./app/data/userData'
Refreshing Leaderboard.
2024-09-25T11:59:37.344+02:00  INFO 14753 --- [KilterBoardLeaderboard] [           main] k.KilterBoardLeaderboardApplicationTests : Started KilterBoardLeaderboardApplicationTests in 3.022 seconds (process running for 3.479)
]]></system-out>
    <system-err><![CDATA[WARNING: A Java agent has been loaded dynamically (/Users/jonas/.m2/repository/net/bytebuddy/byte-buddy-agent/1.14.18/byte-buddy-agent-1.14.18.jar)
WARNING: If a serviceability tool is in use, please run with -XX:+EnableDynamicAgentLoading to hide this warning
WARNING: If a serviceability tool is not in use, please run with -Djdk.instrument.traceUsage for more information
WARNING: Dynamic loading of agents will be disallowed by default in a future release
]]></system-err>
  </testcase>
</testsuite>